<?xml version="1.0" encoding="UTF-8"?>
<testng-results skipped="0" failed="0" ignored="0" total="0" passed="0">
  <reporter-output>
  </reporter-output>
  <suite name="Amazon Automation Script " duration-ms="4" started-at="2019-01-25T06:28:37Z" finished-at="2019-01-25T06:28:37Z">
    <groups>
    </groups>
    <test name="Amazon Home" duration-ms="4" started-at="2019-01-25T06:28:37Z" finished-at="2019-01-25T06:28:37Z">
    </test> <!-- Amazon Home -->
  </suite> <!-- Amazon Automation Script  -->
</testng-results>
