<?xml version="1.0" encoding="UTF-8"?>
<testsuite xmlns:xsi="http://www.w3.org/2001/XMLSchema-instance" xsi:noNamespaceSchemaLocation="https://maven.apache.org/surefire/maven-surefire-plugin/xsd/surefire-test-report-3.0.xsd" version="3.0" name="TestSuite" time="1.973" tests="43" errors="0" skipped="41" failures="2">
  <properties>
[...]
</properties>
  <testcase name="setUp" classname="tests.TestHomeFacebook" time="1.302">
    <failure message="The driver executable does not exist: C:\Users\HALIMA\IdeaProjects\Team1\Facebook\..\Generic\browser-driver\chromedriver" type="java.lang.IllegalStateException">java.lang.IllegalStateException: The driver executable does not exist: C:\Users\HALIMA\IdeaProjects\Team1\Facebook\..\Generic\browser-driver\chromedriver
</failure>
    <system-out><![CDATA[Extent Report DirectoryC:\Users\HALIMA\IdeaProjects\Team1\Facebook\target\surefire-reports\html
]]></system-out>
    <system-err><![CDATA[Jan 14, 2019 8:23:13 AM com.relevantcodes.extentreports.ExtentReports loadConfig
WARNING: Unable to perform report configuration. The file C:\Users\HALIMA\IdeaProjects\Team1\Facebook\report-config.xml was not found.
]]></system-err>
  </testcase>
  <testcase name="setUp" classname="tests.TestHomeFacebook" time="0">
    <skipped/>
  </testcase>
  <testcase name="setUp" classname="tests.TestHomeFacebook" time="0">
    <skipped/>
  </testcase>
  <testcase name="setUp" classname="tests.TestHomeFacebook" time="0">
    <skipped/>
  </testcase>
  <testcase name="setUp" classname="tests.TestHomeFacebook" time="0">
    <skipped/>
  </testcase>
  <testcase name="setUp" classname="tests.TestHomeFacebook" time="0">
    <skipped/>
  </testcase>
  <testcase name="setUp" classname="tests.TestHomeFacebook" time="0">
    <skipped/>
  </testcase>
  <testcase name="startExtent" classname="tests.TestHomeFacebook" time="0">
    <skipped/>
  </testcase>
  <testcase name="startExtent" classname="tests.TestHomeFacebook" time="0">
    <skipped/>
  </testcase>
  <testcase name="startExtent" classname="tests.TestHomeFacebook" time="0">
    <skipped/>
  </testcase>
  <testcase name="startExtent" classname="tests.TestHomeFacebook" time="0">
    <skipped/>
  </testcase>
  <testcase name="startExtent" classname="tests.TestHomeFacebook" time="0">
    <skipped/>
  </testcase>
  <testcase name="startExtent" classname="tests.TestHomeFacebook" time="0">
    <skipped/>
  </testcase>
  <testcase name="startExtent" classname="tests.TestHomeFacebook" time="0">
    <skipped/>
  </testcase>
  <testcase name="test16" classname="tests.TestHomeFacebook" time="0">
    <skipped message="The driver executable does not exist: C:\Users\HALIMA\IdeaProjects\Team1\Facebook\..\Generic\browser-driver\chromedriver"/>
  </testcase>
  <testcase name="afterEachTestMethod" classname="tests.TestHomeFacebook" time="0">
    <skipped/>
  </testcase>
  <testcase name="afterEachTestMethod" classname="tests.TestHomeFacebook" time="0">
    <skipped/>
  </testcase>
  <testcase name="afterEachTestMethod" classname="tests.TestHomeFacebook" time="0">
    <skipped/>
  </testcase>
  <testcase name="afterEachTestMethod" classname="tests.TestHomeFacebook" time="0">
    <skipped/>
  </testcase>
  <testcase name="afterEachTestMethod" classname="tests.TestHomeFacebook" time="0">
    <skipped/>
  </testcase>
  <testcase name="afterEachTestMethod" classname="tests.TestHomeFacebook" time="0">
    <skipped/>
  </testcase>
  <testcase name="afterEachTestMethod" classname="tests.TestHomeFacebook" time="0">
    <skipped/>
  </testcase>
  <testcase name="cleanUP" classname="tests.TestHomeFacebook" time="0">
    <skipped/>
  </testcase>
  <testcase name="cleanUP" classname="tests.TestHomeFacebook" time="0">
    <skipped/>
  </testcase>
  <testcase name="cleanUP" classname="tests.TestHomeFacebook" time="0">
    <skipped/>
  </testcase>
  <testcase name="cleanUP" classname="tests.TestHomeFacebook" time="0">
    <skipped/>
  </testcase>
  <testcase name="cleanUP" classname="tests.TestHomeFacebook" time="0">
    <skipped/>
  </testcase>
  <testcase name="cleanUP" classname="tests.TestHomeFacebook" time="0">
    <skipped/>
  </testcase>
  <testcase name="cleanUP" classname="tests.TestHomeFacebook" time="0">
    <skipped/>
  </testcase>
  <testcase name="cleanUp" classname="tests.TestHomeFacebook" time="0">
    <skipped/>
  </testcase>
  <testcase name="cleanUp" classname="tests.TestHomeFacebook" time="0">
    <skipped/>
  </testcase>
  <testcase name="cleanUp" classname="tests.TestHomeFacebook" time="0">
    <skipped/>
  </testcase>
  <testcase name="cleanUp" classname="tests.TestHomeFacebook" time="0">
    <skipped/>
  </testcase>
  <testcase name="cleanUp" classname="tests.TestHomeFacebook" time="0">
    <skipped/>
  </testcase>
  <testcase name="cleanUp" classname="tests.TestHomeFacebook" time="0">
    <skipped/>
  </testcase>
  <testcase name="cleanUp" classname="tests.TestHomeFacebook" time="0">
    <skipped/>
  </testcase>
  <testcase name="test17" classname="tests.TestHomeFacebook" time="0">
    <skipped message="The driver executable does not exist: C:\Users\HALIMA\IdeaProjects\Team1\Facebook\..\Generic\browser-driver\chromedriver"/>
  </testcase>
  <testcase name="test18" classname="tests.TestHomeFacebook" time="0">
    <skipped message="The driver executable does not exist: C:\Users\HALIMA\IdeaProjects\Team1\Facebook\..\Generic\browser-driver\chromedriver"/>
  </testcase>
  <testcase name="test19" classname="tests.TestHomeFacebook" time="0">
    <skipped message="The driver executable does not exist: C:\Users\HALIMA\IdeaProjects\Team1\Facebook\..\Generic\browser-driver\chromedriver"/>
  </testcase>
  <testcase name="test20" classname="tests.TestHomeFacebook" time="0">
    <skipped message="The driver executable does not exist: C:\Users\HALIMA\IdeaProjects\Team1\Facebook\..\Generic\browser-driver\chromedriver"/>
  </testcase>
  <testcase name="test21" classname="tests.TestHomeFacebook" time="0">
    <skipped message="The driver executable does not exist: C:\Users\HALIMA\IdeaProjects\Team1\Facebook\..\Generic\browser-driver\chromedriver"/>
  </testcase>
  <testcase name="test22" classname="tests.TestHomeFacebook" time="0">
    <skipped message="The driver executable does not exist: C:\Users\HALIMA\IdeaProjects\Team1\Facebook\..\Generic\browser-driver\chromedriver"/>
  </testcase>
  <testcase name="generateReport" classname="tests.TestHomeFacebook" time="1.392">
    <failure type="java.lang.NullPointerException">java.lang.NullPointerException
</failure>
    <system-out><![CDATA[[TestHTMLReporter] The system cannot find the path specified
]]></system-out>
  </testcase>
</testsuite>