<?xml version="1.0" encoding="UTF-8"?>
<testsuite xmlns:xsi="http://www.w3.org/2001/XMLSchema-instance" xsi:noNamespaceSchemaLocation="https://maven.apache.org/surefire/maven-surefire-plugin/xsd/surefire-test-report-3.0.xsd" version="3.0" name="TestSuite" time="0.931" tests="1" errors="0" skipped="0" failures="1">
  <properties>
[...]
</properties>
  <testcase name="generateReport" classname="navPages.Navigation" time="0.835">
    <failure type="java.lang.NullPointerException">java.lang.NullPointerException
</failure>
    <system-out><![CDATA[Extent Report DirectoryC:\Users\Papri.Barua\IdeaProjects\WebAutomationTeam1\BCBS\target\surefire-reports\html
[TestHTMLReporter] The system cannot find the path specified
]]></system-out>
    <system-err><![CDATA[Jan 24, 2019 1:49:35 PM com.relevantcodes.extentreports.ExtentReports loadConfig
WARNING: Unable to perform report configuration. The file C:\Users\Papri.Barua\IdeaProjects\WebAutomationTeam1\BCBS\report-config.xml was not found.
]]></system-err>
  </testcase>
</testsuite>